# JRE version: OpenJDK Runtime Environment (8.0_152-b02) (build 1.8.0_152-release-1024-b02)
# Java VM: OpenJDK 64-Bit Server VM (25.152-b02 mixed mode windows-amd64 compressed oops)
Heap:
 PSYoungGen      total 430592K, used 362143K [0x00000000e0000000, 0x00000000ffb00000, 0x0000000100000000)
  eden space 376320K, 94% used [0x00000000e0000000,0x00000000f5b651e8,0x00000000f6f80000)
  from space 54272K, 11% used [0x00000000f6f80000,0x00000000f75c2bf8,0x00000000fa480000)
  to   space 52736K, 0% used [0x00000000fc780000,0x00000000fc780000,0x00000000ffb00000)
 ParOldGen       total 230400K, used 118053K [0x00000000a0000000, 0x00000000ae100000, 0x00000000e0000000)
  object space 230400K, 51% used [0x00000000a0000000,0x00000000a73495c0,0x00000000ae100000)
 Metaspace       used 90780K, capacity 97342K, committed 97496K, reserved 1134592K
  class space    used 11570K, capacity 12763K, committed 12800K, reserved 1048576K
GC Heap History (10 events):
Event: 2233.278 GC heap before
{Heap before GC invocations=28 (full 3):
 PSYoungGen      total 461824K, used 403202K [0x00000000e0000000, 0x0000000100000000, 0x0000000100000000)
  eden space 400384K, 99% used [0x00000000e0000000,0x00000000f86f7708,0x00000000f8700000)
  from space 61440K, 4% used [0x00000000fc400000,0x00000000fc6c92d0,0x0000000100000000)
  to   space 61952K, 0% used [0x00000000f8700000,0x00000000f8700000,0x00000000fc380000)
 ParOldGen       total 230400K, used 116227K [0x00000000a0000000, 0x00000000ae100000, 0x00000000e0000000)
  object space 230400K, 50% used [0x00000000a0000000,0x00000000a7180d68,0x00000000ae100000)
 Metaspace       used 89522K, capacity 95194K, committed 95448K, reserved 1132544K
  class space    used 11417K, capacity 12501K, committed 12544K, reserved 1048576K
Event: 2233.283 GC heap after
Heap after GC invocations=28 (full 3):
 PSYoungGen      total 407040K, used 6332K [0x00000000e0000000, 0x00000000ffe80000, 0x0000000100000000)
  eden space 400384K, 0% used [0x00000000e0000000,0x00000000e0000000,0x00000000f8700000)
  from space 6656K, 95% used [0x00000000f8700000,0x00000000f8d2f3e8,0x00000000f8d80000)
  to   space 60928K, 0% used [0x00000000fc300000,0x00000000fc300000,0x00000000ffe80000)
 ParOldGen       total 230400K, used 116475K [0x00000000a0000000, 0x00000000ae100000, 0x00000000e0000000)
  object space 230400K, 50% used [0x00000000a0000000,0x00000000a71bed88,0x00000000ae100000)
 Metaspace       used 89522K, capacity 95194K, committed 95448K, reserved 1132544K
  class space    used 11417K, capacity 12501K, committed 12544K, reserved 1048576K
}
Event: 3076.784 GC heap before
{Heap before GC invocations=29 (full 3):
 PSYoungGen      total 407040K, used 406716K [0x00000000e0000000, 0x00000000ffe80000, 0x0000000100000000)
  eden space 400384K, 100% used [0x00000000e0000000,0x00000000f8700000,0x00000000f8700000)
  from space 6656K, 95% used [0x00000000f8700000,0x00000000f8d2f3e8,0x00000000f8d80000)
  to   space 60928K, 0% used [0x00000000fc300000,0x00000000fc300000,0x00000000ffe80000)
 ParOldGen       total 230400K, used 116475K [0x00000000a0000000, 0x00000000ae100000, 0x00000000e0000000)
  object space 230400K, 50% used [0x00000000a0000000,0x00000000a71bed88,0x00000000ae100000)
 Metaspace       used 89774K, capacity 95398K, committed 95448K, reserved 1132544K
  class space    used 11418K, capacity 12503K, committed 12544K, reserved 1048576K
Event: 3076.799 GC heap after
Heap after GC invocations=29 (full 3):
 PSYoungGen      total 430080K, used 8158K [0x00000000e0000000, 0x00000000fed00000, 0x0000000100000000)
  eden space 387072K, 0% used [0x00000000e0000000,0x00000000e0000000,0x00000000f7a00000)
  from space 43008K, 18% used [0x00000000fc300000,0x00000000fcaf7ab8,0x00000000fed00000)
  to   space 58880K, 0% used [0x00000000f7a00000,0x00000000f7a00000,0x00000000fb380000)
 ParOldGen       total 230400K, used 116483K [0x00000000a0000000, 0x00000000ae100000, 0x00000000e0000000)
  object space 230400K, 50% used [0x00000000a0000000,0x00000000a71c0d88,0x00000000ae100000)
 Metaspace       used 89774K, capacity 95398K, committed 95448K, reserved 1132544K
  class space    used 11418K, capacity 12503K, committed 12544K, reserved 1048576K
}
Event: 3078.469 GC heap before
{Heap before GC invocations=30 (full 3):
 PSYoungGen      total 430080K, used 394493K [0x00000000e0000000, 0x00000000fed00000, 0x0000000100000000)
  eden space 387072K, 99% used [0x00000000e0000000,0x00000000f7947ca8,0x00000000f7a00000)
  from space 43008K, 18% used [0x00000000fc300000,0x00000000fcaf7ab8,0x00000000fed00000)
  to   space 58880K, 0% used [0x00000000f7a00000,0x00000000f7a00000,0x00000000fb380000)
 ParOldGen       total 230400K, used 116483K [0x00000000a0000000, 0x00000000ae100000, 0x00000000e0000000)
  object space 230400K, 50% used [0x00000000a0000000,0x00000000a71c0d88,0x00000000ae100000)
 Metaspace       used 89811K, capacity 95466K, committed 95704K, reserved 1132544K
  class space    used 11418K, capacity 12503K, committed 12544K, reserved 1048576K
Event: 3078.478 GC heap after
Heap after GC invocations=30 (full 3):
 PSYoungGen      total 388096K, used 13747K [0x00000000e0000000, 0x00000000fdb80000, 0x0000000100000000)
  eden space 374272K, 0% used [0x00000000e0000000,0x00000000e0000000,0x00000000f6d80000)
  from space 13824K, 99% used [0x00000000f7a00000,0x00000000f876cf48,0x00000000f8780000)
  to   space 56320K, 0% used [0x00000000fa480000,0x00000000fa480000,0x00000000fdb80000)
 ParOldGen       total 230400K, used 116491K [0x00000000a0000000, 0x00000000ae100000, 0x00000000e0000000)
  object space 230400K, 50% used [0x00000000a0000000,0x00000000a71c2d88,0x00000000ae100000)
 Metaspace       used 89811K, capacity 95466K, committed 95704K, reserved 1132544K
  class space    used 11418K, capacity 12503K, committed 12544K, reserved 1048576K
}
Event: 3078.534 GC heap before
{Heap before GC invocations=31 (full 3):
 PSYoungGen      total 388096K, used 387306K [0x00000000e0000000, 0x00000000fdb80000, 0x0000000100000000)
  eden space 374272K, 99% used [0x00000000e0000000,0x00000000f6ccd9c0,0x00000000f6d80000)
  from space 13824K, 99% used [0x00000000f7a00000,0x00000000f876cf48,0x00000000f8780000)
  to   space 56320K, 0% used [0x00000000fa480000,0x00000000fa480000,0x00000000fdb80000)
 ParOldGen       total 230400K, used 116491K [0x00000000a0000000, 0x00000000ae100000, 0x00000000e0000000)
  object space 230400K, 50% used [0x00000000a0000000,0x00000000a71c2d88,0x00000000ae100000)
 Metaspace       used 89811K, capacity 95466K, committed 95704K, reserved 1132544K
  class space    used 11418K, capacity 12503K, committed 12544K, reserved 1048576K
Event: 3078.540 GC heap after
Heap after GC invocations=31 (full 3):
 PSYoungGen      total 432640K, used 8442K [0x00000000e0000000, 0x0000000100000000, 0x0000000100000000)
  eden space 376320K, 0% used [0x00000000e0000000,0x00000000e0000000,0x00000000f6f80000)
  from space 56320K, 14% used [0x00000000fa480000,0x00000000facbebb0,0x00000000fdb80000)
  to   space 54272K, 0% used [0x00000000f6f80000,0x00000000f6f80000,0x00000000fa480000)
 ParOldGen       total 230400K, used 116499K [0x00000000a0000000, 0x00000000ae100000, 0x00000000e0000000)
  object space 230400K, 50% used [0x00000000a0000000,0x00000000a71c4d88,0x00000000ae100000)
 Metaspace       used 89811K, capacity 95466K, committed 95704K, reserved 1132544K
  class space    used 11418K, capacity 12503K, committed 12544K, reserved 1048576K
}
Event: 3191.772 GC heap before
{Heap before GC invocations=32 (full 3):
 PSYoungGen      total 432640K, used 384460K [0x00000000e0000000, 0x0000000100000000, 0x0000000100000000)
  eden space 376320K, 99% used [0x00000000e0000000,0x00000000f6f34638,0x00000000f6f80000)
  from space 56320K, 14% used [0x00000000fa480000,0x00000000facbebb0,0x00000000fdb80000)
  to   space 54272K, 0% used [0x00000000f6f80000,0x00000000f6f80000,0x00000000fa480000)
 ParOldGen       total 230400K, used 116499K [0x00000000a0000000, 0x00000000ae100000, 0x00000000e0000000)
  object space 230400K, 50% used [0x00000000a0000000,0x00000000a71c4d88,0x00000000ae100000)
 Metaspace       used 90612K, capacity 97250K, committed 97496K, reserved 1134592K
  class space    used 11555K, capacity 12757K, committed 12800K, reserved 1048576K
Event: 3191.784 GC heap after
Heap after GC invocations=32 (full 3):
 PSYoungGen      total 430592K, used 6410K [0x00000000e0000000, 0x00000000ffb00000, 0x0000000100000000)
  eden space 376320K, 0% used [0x00000000e0000000,0x00000000e0000000,0x00000000f6f80000)
  from space 54272K, 11% used [0x00000000f6f80000,0x00000000f75c2bf8,0x00000000fa480000)
  to   space 52736K, 0% used [0x00000000fc780000,0x00000000fc780000,0x00000000ffb00000)
 ParOldGen       total 230400K, used 118053K [0x00000000a0000000, 0x00000000ae100000, 0x00000000e0000000)
  object space 230400K, 51% used [0x00000000a0000000,0x00000000a73495c0,0x00000000ae100000)
 Metaspace       used 90612K, capacity 97250K, committed 97496K, reserved 1134592K
  class space    used 11555K, capacity 12757K, committed 12800K, reserved 1048576K
}

